TN:
SF:/Users/darren/webapps/homesite/client/src/polyfills.ts
FNF:0
FNH:0
DA:46,1
DA:74,1
LF:2
LH:2
BRF:0
BRH:0
end_of_record
TN:
SF:/Users/darren/webapps/homesite/client/src/test.ts
FNF:0
FNH:0
DA:3,1
DA:4,1
DA:5,1
DA:13,1
DA:18,1
DA:20,1
LF:6
LH:6
BRF:0
BRH:0
end_of_record
TN:
SF:/Users/darren/webapps/homesite/client/src/app/app.config.ts
FN:7,(anonymous_2)
FN:11,AppConfig
FN:13,(anonymous_4)
FN:15,(anonymous_5)
FN:17,(anonymous_6)
FN:21,(anonymous_7)
FNF:6
FNH:1
FNDA:1,(anonymous_2)
FNDA:0,AppConfig
FNDA:0,(anonymous_4)
FNDA:0,(anonymous_5)
FNDA:0,(anonymous_6)
FNDA:0,(anonymous_7)
DA:1,1
DA:2,1
DA:3,1
DA:7,1
DA:11,0
DA:13,1
DA:14,0
DA:15,0
DA:16,0
DA:18,0
DA:19,0
DA:21,0
DA:25,1
LF:13
LH:6
BRF:0
BRH:0
end_of_record
TN:
SF:/Users/darren/webapps/homesite/client/src/app/_classes/user-classes.ts
FN:5,(anonymous_0)
FN:13,User
FNF:2
FNH:2
FNDA:1,(anonymous_0)
FNDA:1,User
DA:5,1
DA:14,1
DA:15,1
DA:16,1
DA:17,1
DA:18,1
DA:19,1
DA:21,1
LF:8
LH:8
BRF:0
BRH:0
end_of_record
TN:
SF:/Users/darren/webapps/homesite/client/src/app/_services/auth.service.ts
FN:15,(anonymous_2)
FN:19,AuthService
FN:30,(anonymous_4)
FN:41,(anonymous_5)
FN:45,(anonymous_6)
FN:49,(anonymous_7)
FN:56,(anonymous_8)
FN:61,(anonymous_9)
FN:65,(anonymous_10)
FN:72,(anonymous_11)
FN:79,(anonymous_12)
FN:85,(anonymous_13)
FN:89,(anonymous_14)
FN:93,(anonymous_15)
FN:97,(anonymous_16)
FN:101,(anonymous_17)
FN:111,(anonymous_18)
FN:115,(anonymous_19)
FN:120,(anonymous_20)
FN:124,(anonymous_21)
FN:128,(anonymous_22)
FN:132,(anonymous_23)
FN:140,(anonymous_24)
FN:144,(anonymous_25)
FN:148,(anonymous_26)
FN:152,(anonymous_27)
FN:156,(anonymous_28)
FNF:27
FNH:27
FNDA:1,(anonymous_2)
FNDA:24,AuthService
FNDA:2,(anonymous_4)
FNDA:26,(anonymous_5)
FNDA:3,(anonymous_6)
FNDA:2,(anonymous_7)
FNDA:1,(anonymous_8)
FNDA:1,(anonymous_9)
FNDA:1,(anonymous_10)
FNDA:1,(anonymous_11)
FNDA:1,(anonymous_12)
FNDA:1,(anonymous_13)
FNDA:1,(anonymous_14)
FNDA:1,(anonymous_15)
FNDA:1,(anonymous_16)
FNDA:1,(anonymous_17)
FNDA:1,(anonymous_18)
FNDA:28,(anonymous_19)
FNDA:2,(anonymous_20)
FNDA:1,(anonymous_21)
FNDA:1,(anonymous_22)
FNDA:1,(anonymous_23)
FNDA:2,(anonymous_24)
FNDA:1,(anonymous_25)
FNDA:1,(anonymous_26)
FNDA:8,(anonymous_27)
FNDA:2,(anonymous_28)
DA:1,1
DA:2,1
DA:4,1
DA:5,1
DA:6,1
DA:8,1
DA:10,1
DA:15,1
DA:19,24
DA:20,24
DA:21,24
DA:23,24
DA:24,0
DA:25,0
DA:26,0
DA:30,1
DA:33,2
DA:34,1
DA:36,1
DA:37,1
DA:38,1
DA:41,1
DA:42,26
DA:45,3
DA:47,3
DA:48,3
DA:50,2
DA:51,2
DA:56,1
DA:57,1
DA:58,1
DA:61,1
DA:62,1
DA:65,1
DA:66,1
DA:67,1
DA:68,1
DA:69,1
DA:72,1
DA:73,1
DA:74,1
DA:75,1
DA:76,1
DA:79,1
DA:80,1
DA:81,1
DA:82,1
DA:85,1
DA:86,1
DA:89,1
DA:90,1
DA:93,1
DA:94,1
DA:97,1
DA:98,1
DA:101,1
DA:103,1
DA:104,1
DA:105,1
DA:106,1
DA:107,1
DA:108,1
DA:111,1
DA:112,1
DA:115,1
DA:116,28
DA:117,28
DA:120,1
DA:121,2
DA:124,1
DA:125,1
DA:128,1
DA:129,1
DA:132,1
DA:133,1
DA:134,1
DA:135,1
DA:136,1
DA:137,1
DA:140,1
DA:141,2
DA:144,1
DA:145,1
DA:148,1
DA:149,1
DA:152,1
DA:153,8
DA:156,1
DA:157,2
DA:158,2
DA:159,2
DA:160,2
DA:161,2
DA:164,1
LF:94
LH:91
BRDA:23,0,0,0
BRDA:23,0,1,24
BRDA:23,1,0,24
BRDA:23,1,1,24
BRDA:33,2,0,1
BRDA:33,2,1,1
BRDA:80,3,0,1
BRDA:80,3,1,0
BRF:8
BRH:6
end_of_record
TN:
SF:/Users/darren/webapps/homesite/client/src/app/_services/media.service.ts
FN:13,(anonymous_2)
FN:20,MediaService
FN:22,(anonymous_4)
FN:26,(anonymous_5)
FN:30,(anonymous_6)
FN:35,(anonymous_7)
FN:39,(anonymous_8)
FN:43,(anonymous_9)
FN:47,(anonymous_10)
FN:51,(anonymous_11)
FN:55,(anonymous_12)
FN:61,(anonymous_13)
FN:67,(anonymous_14)
FN:72,(anonymous_15)
FN:77,(anonymous_16)
FN:83,(anonymous_17)
FN:84,(anonymous_18)
FN:88,(anonymous_19)
FN:99,(anonymous_20)
FN:100,(anonymous_21)
FN:101,(anonymous_22)
FN:105,(anonymous_23)
FN:107,(anonymous_24)
FN:108,(anonymous_25)
FN:112,(anonymous_26)
FN:114,(anonymous_27)
FN:115,(anonymous_28)
FN:116,(anonymous_29)
FN:120,(anonymous_30)
FN:122,(anonymous_31)
FNF:30
FNH:30
FNDA:1,(anonymous_2)
FNDA:20,MediaService
FNDA:1,(anonymous_4)
FNDA:1,(anonymous_5)
FNDA:2,(anonymous_6)
FNDA:1,(anonymous_7)
FNDA:1,(anonymous_8)
FNDA:1,(anonymous_9)
FNDA:1,(anonymous_10)
FNDA:1,(anonymous_11)
FNDA:4,(anonymous_12)
FNDA:4,(anonymous_13)
FNDA:2,(anonymous_14)
FNDA:2,(anonymous_15)
FNDA:1,(anonymous_16)
FNDA:1,(anonymous_17)
FNDA:1,(anonymous_18)
FNDA:1,(anonymous_19)
FNDA:1,(anonymous_20)
FNDA:1,(anonymous_21)
FNDA:1,(anonymous_22)
FNDA:1,(anonymous_23)
FNDA:1,(anonymous_24)
FNDA:1,(anonymous_25)
FNDA:1,(anonymous_26)
FNDA:1,(anonymous_27)
FNDA:1,(anonymous_28)
FNDA:1,(anonymous_29)
FNDA:1,(anonymous_30)
FNDA:1,(anonymous_31)
DA:1,1
DA:3,1
DA:4,1
DA:13,1
DA:20,20
DA:22,1
DA:23,1
DA:26,1
DA:27,1
DA:30,1
DA:31,2
DA:32,2
DA:35,1
DA:36,1
DA:39,1
DA:40,1
DA:43,1
DA:44,1
DA:47,1
DA:48,1
DA:51,1
DA:52,1
DA:55,1
DA:56,4
DA:57,4
DA:58,4
DA:61,1
DA:62,4
DA:63,4
DA:64,4
DA:67,1
DA:68,2
DA:69,2
DA:72,1
DA:73,2
DA:74,2
DA:77,1
DA:82,1
DA:83,1
DA:84,1
DA:88,1
DA:98,1
DA:99,1
DA:100,1
DA:101,1
DA:105,1
DA:106,1
DA:107,1
DA:108,1
DA:112,1
DA:113,1
DA:114,1
DA:115,1
DA:116,1
DA:120,1
DA:121,1
DA:122,1
DA:127,1
LF:58
LH:58
BRDA:57,0,0,1
BRDA:57,0,1,3
BRDA:63,1,0,1
BRDA:63,1,1,3
BRF:4
BRH:4
end_of_record
TN:
SF:/Users/darren/webapps/homesite/client/src/app/_services/url-helper.service.ts
FN:8,(anonymous_2)
FN:10,UrlHelperService
FN:12,(anonymous_4)
FN:13,(anonymous_5)
FN:17,(anonymous_6)
FN:22,(anonymous_7)
FNF:6
FNH:5
FNDA:1,(anonymous_2)
FNDA:2,UrlHelperService
FNDA:1,(anonymous_4)
FNDA:1,(anonymous_5)
FNDA:1,(anonymous_6)
FNDA:0,(anonymous_7)
DA:1,1
DA:2,1
DA:3,1
DA:8,1
DA:10,2
DA:12,1
DA:13,1
DA:14,1
DA:16,1
DA:18,1
DA:19,1
DA:22,1
DA:23,0
DA:24,0
DA:25,0
DA:30,1
LF:16
LH:13
BRDA:23,0,0,0
BRDA:23,0,1,0
BRF:2
BRH:0
end_of_record
TN:
SF:/Users/darren/webapps/homesite/client/src/app/about/about.component.ts
FN:11,(anonymous_2)
FN:15,AboutComponent
FN:17,(anonymous_4)
FNF:3
FNH:3
FNDA:1,(anonymous_2)
FNDA:4,AboutComponent
FNDA:4,(anonymous_4)
DA:1,1
DA:3,1
DA:11,1
DA:13,4
DA:15,4
DA:17,1
DA:18,4
DA:21,1
LF:8
LH:8
BRF:0
BRH:0
end_of_record
TN:
SF:/Users/darren/webapps/homesite/client/src/app/alert-message-dialog/alert-message-dialog.component.ts
FN:18,(anonymous_4)
FN:20,AlertMessageDialogComponent
FN:23,(anonymous_6)
FN:35,(anonymous_7)
FNF:4
FNH:4
FNDA:1,(anonymous_4)
FNDA:6,AlertMessageDialogComponent
FNDA:6,(anonymous_6)
FNDA:1,(anonymous_7)
DA:1,1
DA:2,1
DA:18,1
DA:20,6
DA:21,6
DA:23,1
DA:24,6
DA:25,2
DA:27,6
DA:28,6
DA:30,6
DA:31,2
DA:35,1
DA:36,1
DA:39,1
LF:15
LH:15
BRDA:24,0,0,2
BRDA:24,0,1,4
BRDA:27,1,0,6
BRDA:27,1,1,0
BRDA:30,2,0,2
BRDA:30,2,1,4
BRF:6
BRH:5
end_of_record
TN:
SF:/Users/darren/webapps/homesite/client/src/app/change-password/change-password.component.ts
FN:14,(anonymous_2)
FN:24,ChangePasswordComponent
FN:29,(anonymous_4)
FN:47,(anonymous_5)
FN:51,(anonymous_6)
FN:52,(anonymous_7)
FN:57,(anonymous_8)
FN:58,(anonymous_9)
FN:63,(anonymous_10)
FN:70,(anonymous_11)
FN:73,(anonymous_12)
FN:78,(anonymous_13)
FNF:12
FNH:12
FNDA:1,(anonymous_2)
FNDA:15,ChangePasswordComponent
FNDA:14,(anonymous_4)
FNDA:4,(anonymous_5)
FNDA:1,(anonymous_6)
FNDA:1,(anonymous_7)
FNDA:1,(anonymous_8)
FNDA:1,(anonymous_9)
FNDA:2,(anonymous_10)
FNDA:2,(anonymous_11)
FNDA:2,(anonymous_12)
FNDA:2,(anonymous_13)
DA:1,1
DA:2,1
DA:3,1
DA:5,1
DA:6,1
DA:7,1
DA:14,1
DA:16,15
DA:17,15
DA:18,15
DA:24,15
DA:25,15
DA:26,15
DA:27,15
DA:29,1
DA:36,14
DA:37,14
DA:38,13
DA:39,13
DA:40,13
DA:42,1
DA:47,4
DA:48,4
DA:49,2
DA:50,2
DA:51,1
DA:52,1
DA:55,2
DA:56,2
DA:57,1
DA:58,1
DA:63,2
DA:64,2
DA:70,2
DA:73,2
DA:74,2
DA:75,2
DA:78,2
DA:80,1
LF:39
LH:39
BRDA:37,0,0,13
BRDA:37,0,1,1
BRDA:39,1,0,0
BRDA:39,1,1,13
BRDA:48,2,0,2
BRDA:48,2,1,2
BRF:6
BRH:5
end_of_record
TN:
SF:/Users/darren/webapps/homesite/client/src/environments/environment.ts
FNF:0
FNH:0
DA:5,1
LF:1
LH:1
BRF:0
BRH:0
end_of_record
