TN:
SF:/Users/darren/webapps/homesite/client/src/polyfills.ts
FNF:0
FNH:0
DA:46,1
DA:74,1
LF:2
LH:2
BRF:0
BRH:0
end_of_record
TN:
SF:/Users/darren/webapps/homesite/client/src/test.ts
FNF:0
FNH:0
DA:3,1
DA:4,1
DA:5,1
DA:13,1
DA:18,1
DA:20,1
LF:6
LH:6
BRF:0
BRH:0
end_of_record
TN:
SF:/Users/darren/webapps/homesite/client/src/app/app.config.ts
FN:7,(anonymous_2)
FN:11,AppConfig
FN:13,(anonymous_4)
FN:15,(anonymous_5)
FN:17,(anonymous_6)
FN:21,(anonymous_7)
FNF:6
FNH:1
FNDA:1,(anonymous_2)
FNDA:0,AppConfig
FNDA:0,(anonymous_4)
FNDA:0,(anonymous_5)
FNDA:0,(anonymous_6)
FNDA:0,(anonymous_7)
DA:1,1
DA:2,1
DA:3,1
DA:7,1
DA:11,0
DA:13,1
DA:14,0
DA:15,0
DA:16,0
DA:18,0
DA:19,0
DA:21,0
DA:25,1
LF:13
LH:6
BRF:0
BRH:0
end_of_record
TN:
SF:/Users/darren/webapps/homesite/client/src/app/_classes/user-classes.ts
FN:5,(anonymous_0)
FN:13,User
FNF:2
FNH:1
FNDA:1,(anonymous_0)
FNDA:0,User
DA:5,1
DA:14,0
DA:15,0
DA:16,0
DA:17,0
DA:18,0
DA:19,0
DA:21,1
LF:8
LH:2
BRF:0
BRH:0
end_of_record
TN:
SF:/Users/darren/webapps/homesite/client/src/app/_services/auth.service.ts
FN:15,(anonymous_2)
FN:19,AuthService
FN:30,(anonymous_4)
FN:41,(anonymous_5)
FN:45,(anonymous_6)
FN:49,(anonymous_7)
FN:56,(anonymous_8)
FN:61,(anonymous_9)
FN:65,(anonymous_10)
FN:72,(anonymous_11)
FN:79,(anonymous_12)
FN:85,(anonymous_13)
FN:89,(anonymous_14)
FN:93,(anonymous_15)
FN:97,(anonymous_16)
FN:101,(anonymous_17)
FN:111,(anonymous_18)
FN:115,(anonymous_19)
FN:120,(anonymous_20)
FN:124,(anonymous_21)
FN:128,(anonymous_22)
FN:132,(anonymous_23)
FN:140,(anonymous_24)
FN:144,(anonymous_25)
FN:148,(anonymous_26)
FN:152,(anonymous_27)
FN:156,(anonymous_28)
FNF:27
FNH:1
FNDA:1,(anonymous_2)
FNDA:0,AuthService
FNDA:0,(anonymous_4)
FNDA:0,(anonymous_5)
FNDA:0,(anonymous_6)
FNDA:0,(anonymous_7)
FNDA:0,(anonymous_8)
FNDA:0,(anonymous_9)
FNDA:0,(anonymous_10)
FNDA:0,(anonymous_11)
FNDA:0,(anonymous_12)
FNDA:0,(anonymous_13)
FNDA:0,(anonymous_14)
FNDA:0,(anonymous_15)
FNDA:0,(anonymous_16)
FNDA:0,(anonymous_17)
FNDA:0,(anonymous_18)
FNDA:0,(anonymous_19)
FNDA:0,(anonymous_20)
FNDA:0,(anonymous_21)
FNDA:0,(anonymous_22)
FNDA:0,(anonymous_23)
FNDA:0,(anonymous_24)
FNDA:0,(anonymous_25)
FNDA:0,(anonymous_26)
FNDA:0,(anonymous_27)
FNDA:0,(anonymous_28)
DA:1,1
DA:2,1
DA:4,1
DA:5,1
DA:6,1
DA:8,1
DA:10,1
DA:15,1
DA:19,0
DA:20,0
DA:21,0
DA:23,0
DA:24,0
DA:25,0
DA:26,0
DA:30,1
DA:33,0
DA:34,0
DA:36,0
DA:37,0
DA:38,0
DA:41,1
DA:42,0
DA:45,1
DA:47,0
DA:48,0
DA:50,0
DA:51,0
DA:56,1
DA:57,0
DA:58,0
DA:61,1
DA:62,0
DA:65,1
DA:66,0
DA:67,0
DA:68,0
DA:69,0
DA:72,1
DA:73,0
DA:74,0
DA:75,0
DA:76,0
DA:79,1
DA:80,0
DA:81,0
DA:82,0
DA:85,1
DA:86,0
DA:89,1
DA:90,0
DA:93,1
DA:94,0
DA:97,1
DA:98,0
DA:101,1
DA:103,0
DA:104,0
DA:105,0
DA:106,0
DA:107,0
DA:108,0
DA:111,1
DA:112,0
DA:115,1
DA:116,0
DA:117,0
DA:120,1
DA:121,0
DA:124,1
DA:125,0
DA:128,1
DA:129,0
DA:132,1
DA:133,0
DA:134,0
DA:135,0
DA:136,0
DA:137,0
DA:140,1
DA:141,0
DA:144,1
DA:145,0
DA:148,1
DA:149,0
DA:152,1
DA:153,0
DA:156,1
DA:157,0
DA:158,0
DA:159,0
DA:160,0
DA:161,0
DA:164,1
LF:94
LH:33
BRDA:23,0,0,0
BRDA:23,0,1,0
BRDA:23,1,0,0
BRDA:23,1,1,0
BRDA:33,2,0,0
BRDA:33,2,1,0
BRDA:80,3,0,0
BRDA:80,3,1,0
BRF:8
BRH:0
end_of_record
TN:
SF:/Users/darren/webapps/homesite/client/src/app/_services/media.service.ts
FN:13,(anonymous_2)
FN:20,MediaService
FN:22,(anonymous_4)
FN:26,(anonymous_5)
FN:30,(anonymous_6)
FN:35,(anonymous_7)
FN:39,(anonymous_8)
FN:43,(anonymous_9)
FN:47,(anonymous_10)
FN:51,(anonymous_11)
FN:55,(anonymous_12)
FN:61,(anonymous_13)
FN:67,(anonymous_14)
FN:72,(anonymous_15)
FN:77,(anonymous_16)
FN:83,(anonymous_17)
FN:84,(anonymous_18)
FN:88,(anonymous_19)
FN:99,(anonymous_20)
FN:100,(anonymous_21)
FN:101,(anonymous_22)
FN:105,(anonymous_23)
FN:107,(anonymous_24)
FN:108,(anonymous_25)
FN:112,(anonymous_26)
FN:114,(anonymous_27)
FN:115,(anonymous_28)
FN:116,(anonymous_29)
FN:120,(anonymous_30)
FN:122,(anonymous_31)
FNF:30
FNH:1
FNDA:1,(anonymous_2)
FNDA:0,MediaService
FNDA:0,(anonymous_4)
FNDA:0,(anonymous_5)
FNDA:0,(anonymous_6)
FNDA:0,(anonymous_7)
FNDA:0,(anonymous_8)
FNDA:0,(anonymous_9)
FNDA:0,(anonymous_10)
FNDA:0,(anonymous_11)
FNDA:0,(anonymous_12)
FNDA:0,(anonymous_13)
FNDA:0,(anonymous_14)
FNDA:0,(anonymous_15)
FNDA:0,(anonymous_16)
FNDA:0,(anonymous_17)
FNDA:0,(anonymous_18)
FNDA:0,(anonymous_19)
FNDA:0,(anonymous_20)
FNDA:0,(anonymous_21)
FNDA:0,(anonymous_22)
FNDA:0,(anonymous_23)
FNDA:0,(anonymous_24)
FNDA:0,(anonymous_25)
FNDA:0,(anonymous_26)
FNDA:0,(anonymous_27)
FNDA:0,(anonymous_28)
FNDA:0,(anonymous_29)
FNDA:0,(anonymous_30)
FNDA:0,(anonymous_31)
DA:1,1
DA:3,1
DA:4,1
DA:13,1
DA:20,0
DA:22,1
DA:23,0
DA:26,1
DA:27,0
DA:30,1
DA:31,0
DA:32,0
DA:35,1
DA:36,0
DA:39,1
DA:40,0
DA:43,1
DA:44,0
DA:47,1
DA:48,0
DA:51,1
DA:52,0
DA:55,1
DA:56,0
DA:57,0
DA:58,0
DA:61,1
DA:62,0
DA:63,0
DA:64,0
DA:67,1
DA:68,0
DA:69,0
DA:72,1
DA:73,0
DA:74,0
DA:77,1
DA:82,0
DA:83,0
DA:84,0
DA:88,1
DA:98,0
DA:99,0
DA:100,0
DA:101,0
DA:105,1
DA:106,0
DA:107,0
DA:108,0
DA:112,1
DA:113,0
DA:114,0
DA:115,0
DA:116,0
DA:120,1
DA:121,0
DA:122,0
DA:127,1
LF:58
LH:22
BRDA:57,0,0,0
BRDA:57,0,1,0
BRDA:63,1,0,0
BRDA:63,1,1,0
BRF:4
BRH:0
end_of_record
TN:
SF:/Users/darren/webapps/homesite/client/src/app/_services/url-helper.service.ts
FN:8,(anonymous_2)
FN:10,UrlHelperService
FN:12,(anonymous_4)
FN:13,(anonymous_5)
FN:17,(anonymous_6)
FN:22,(anonymous_7)
FNF:6
FNH:1
FNDA:1,(anonymous_2)
FNDA:0,UrlHelperService
FNDA:0,(anonymous_4)
FNDA:0,(anonymous_5)
FNDA:0,(anonymous_6)
FNDA:0,(anonymous_7)
DA:1,1
DA:2,1
DA:3,1
DA:8,1
DA:10,0
DA:12,1
DA:13,0
DA:14,0
DA:16,0
DA:18,0
DA:19,0
DA:22,0
DA:23,0
DA:24,0
DA:25,0
DA:30,1
LF:16
LH:6
BRDA:23,0,0,0
BRDA:23,0,1,0
BRF:2
BRH:0
end_of_record
TN:
SF:/Users/darren/webapps/homesite/client/src/app/about/about.component.ts
FN:11,(anonymous_2)
FN:15,AboutComponent
FN:17,(anonymous_4)
FNF:3
FNH:1
FNDA:1,(anonymous_2)
FNDA:0,AboutComponent
FNDA:0,(anonymous_4)
DA:1,1
DA:3,1
DA:11,1
DA:13,0
DA:15,0
DA:17,1
DA:18,0
DA:21,1
LF:8
LH:5
BRF:0
BRH:0
end_of_record
TN:
SF:/Users/darren/webapps/homesite/client/src/app/alert-message-dialog/alert-message-dialog.component.ts
FN:18,(anonymous_4)
FN:20,AlertMessageDialogComponent
FN:23,(anonymous_6)
FN:35,(anonymous_7)
FNF:4
FNH:1
FNDA:1,(anonymous_4)
FNDA:0,AlertMessageDialogComponent
FNDA:0,(anonymous_6)
FNDA:0,(anonymous_7)
DA:1,1
DA:2,1
DA:18,1
DA:20,0
DA:21,0
DA:23,1
DA:24,0
DA:25,0
DA:27,0
DA:28,0
DA:30,0
DA:31,0
DA:35,1
DA:36,0
DA:39,1
LF:15
LH:6
BRDA:24,0,0,0
BRDA:24,0,1,0
BRDA:27,1,0,0
BRDA:27,1,1,0
BRDA:30,2,0,0
BRDA:30,2,1,0
BRF:6
BRH:0
end_of_record
TN:
SF:/Users/darren/webapps/homesite/client/src/app/change-password/change-password.component.ts
FN:15,(anonymous_2)
FN:26,ChangePasswordComponent
FN:31,(anonymous_4)
FN:49,(anonymous_5)
FN:53,(anonymous_6)
FN:54,(anonymous_7)
FN:59,(anonymous_8)
FN:60,(anonymous_9)
FN:65,(anonymous_10)
FN:72,(anonymous_11)
FN:75,(anonymous_12)
FN:80,(anonymous_13)
FNF:12
FNH:1
FNDA:1,(anonymous_2)
FNDA:0,ChangePasswordComponent
FNDA:0,(anonymous_4)
FNDA:0,(anonymous_5)
FNDA:0,(anonymous_6)
FNDA:0,(anonymous_7)
FNDA:0,(anonymous_8)
FNDA:0,(anonymous_9)
FNDA:0,(anonymous_10)
FNDA:0,(anonymous_11)
FNDA:0,(anonymous_12)
FNDA:0,(anonymous_13)
DA:1,1
DA:2,1
DA:3,1
DA:5,1
DA:6,1
DA:7,1
DA:8,1
DA:15,1
DA:17,0
DA:18,0
DA:19,0
DA:24,1
DA:26,0
DA:27,0
DA:28,0
DA:29,0
DA:31,1
DA:38,0
DA:39,0
DA:40,0
DA:41,0
DA:42,0
DA:44,0
DA:49,1
DA:50,0
DA:51,0
DA:52,0
DA:53,0
DA:54,0
DA:57,0
DA:58,0
DA:59,0
DA:60,0
DA:65,1
DA:66,0
DA:72,0
DA:75,1
DA:76,0
DA:77,0
DA:80,0
DA:82,1
LF:41
LH:14
BRDA:39,0,0,0
BRDA:39,0,1,0
BRDA:41,1,0,0
BRDA:41,1,1,0
BRDA:50,2,0,0
BRDA:50,2,1,0
BRF:6
BRH:0
end_of_record
TN:
SF:/Users/darren/webapps/homesite/client/src/app/download-progress-bar/download-progress-bar.component.ts
FN:16,(anonymous_4)
FN:18,DownloadProgressBarComponent
FN:21,(anonymous_6)
FN:30,(anonymous_7)
FNF:4
FNH:1
FNDA:1,(anonymous_4)
FNDA:0,DownloadProgressBarComponent
FNDA:0,(anonymous_6)
FNDA:0,(anonymous_7)
DA:1,1
DA:2,1
DA:16,1
DA:18,0
DA:19,0
DA:21,1
DA:22,0
DA:23,0
DA:25,0
DA:26,0
DA:30,1
DA:31,0
DA:34,1
LF:13
LH:6
BRDA:22,0,0,0
BRDA:22,0,1,0
BRDA:25,1,0,0
BRDA:25,1,1,0
BRF:4
BRH:0
end_of_record
TN:
SF:/Users/darren/webapps/homesite/client/src/app/downloads/downloads.component.ts
FN:21,(anonymous_2)
FN:33,DownloadsComponent
FN:39,(anonymous_4)
FN:43,(anonymous_5)
FN:50,(anonymous_6)
FN:59,(anonymous_7)
FN:63,(anonymous_8)
FN:83,(anonymous_9)
FN:87,(anonymous_10)
FN:89,(anonymous_11)
FN:90,(anonymous_12)
FN:91,(anonymous_13)
FN:102,(anonymous_14)
FN:107,(anonymous_15)
FN:132,(anonymous_16)
FN:144,(anonymous_17)
FN:147,(anonymous_18)
FN:156,(anonymous_19)
FN:164,(anonymous_20)
FN:183,(anonymous_21)
FN:192,(anonymous_22)
FN:204,(anonymous_23)
FN:206,(anonymous_24)
FNF:23
FNH:23
FNDA:1,(anonymous_2)
FNDA:41,DownloadsComponent
FNDA:21,(anonymous_4)
FNDA:21,(anonymous_5)
FNDA:20,(anonymous_6)
FNDA:40,(anonymous_7)
FNDA:40,(anonymous_8)
FNDA:1,(anonymous_9)
FNDA:2,(anonymous_10)
FNDA:1,(anonymous_11)
FNDA:1,(anonymous_12)
FNDA:1,(anonymous_13)
FNDA:1,(anonymous_14)
FNDA:1,(anonymous_15)
FNDA:3,(anonymous_16)
FNDA:3,(anonymous_17)
FNDA:1,(anonymous_18)
FNDA:11,(anonymous_19)
FNDA:15,(anonymous_20)
FNDA:3,(anonymous_21)
FNDA:11,(anonymous_22)
FNDA:19,(anonymous_23)
FNDA:19,(anonymous_24)
DA:1,1
DA:2,1
DA:3,1
DA:4,1
DA:5,1
DA:7,1
DA:8,1
DA:10,1
DA:11,1
DA:13,1
DA:21,1
DA:23,41
DA:25,41
DA:27,41
DA:30,1
DA:31,1
DA:33,41
DA:34,41
DA:35,41
DA:36,41
DA:37,41
DA:39,21
DA:43,21
DA:44,21
DA:45,21
DA:46,1
DA:48,1
DA:50,20
DA:51,20
DA:52,20
DA:54,20
DA:59,1
DA:60,40
DA:63,1
DA:64,40
DA:65,40
DA:66,38
DA:68,40
DA:69,2
DA:70,2
DA:72,38
DA:74,40
DA:75,23
DA:76,23
DA:77,23
DA:78,23
DA:83,1
DA:84,1
DA:87,2
DA:88,2
DA:89,1
DA:90,1
DA:91,1
DA:102,1
DA:103,1
DA:107,1
DA:110,1
DA:112,1
DA:113,1
DA:114,1
DA:115,1
DA:116,1
DA:117,1
DA:118,1
DA:119,1
DA:120,1
DA:121,1
DA:122,1
DA:132,3
DA:133,3
DA:144,3
DA:145,3
DA:146,1
DA:148,1
DA:149,1
DA:156,11
DA:158,11
DA:159,11
DA:163,11
DA:165,15
DA:166,11
DA:167,11
DA:169,4
DA:170,4
DA:171,4
DA:172,4
DA:173,4
DA:184,3
DA:185,3
DA:186,3
DA:192,11
DA:193,11
DA:194,2
DA:195,2
DA:196,2
DA:204,19
DA:205,19
DA:206,19
DA:207,19
DA:208,19
DA:211,1
LF:101
LH:101
BRDA:45,0,0,1
BRDA:45,0,1,20
BRDA:60,1,0,19
BRDA:60,1,1,21
BRDA:65,2,0,38
BRDA:65,2,1,2
BRDA:68,3,0,2
BRDA:68,3,1,38
BRDA:74,4,0,23
BRDA:74,4,1,17
BRDA:74,5,0,40
BRDA:74,5,1,40
BRDA:145,6,0,1
BRDA:145,6,1,2
BRDA:165,7,0,11
BRDA:165,7,1,4
BRDA:169,8,0,4
BRDA:169,8,1,0
BRDA:193,9,0,2
BRDA:193,9,1,9
BRDA:193,10,0,11
BRDA:193,10,1,11
BRF:22
BRH:21
end_of_record
TN:
SF:/Users/darren/webapps/homesite/client/src/environments/environment.ts
FNF:0
FNH:0
DA:5,1
LF:1
LH:1
BRF:0
BRH:0
end_of_record
